<?xml version="1.0" encoding="UTF-8"?>
<testsuite name="lk.ac.mrt.cse.dbs.simpleexpensemanager.data.model.AccountTest" tests="1" skipped="0" failures="0" errors="0" timestamp="2022-05-10T14:17:38" hostname="H3SH" time="0.001">
  <properties/>
  <testcase name="test" classname="lk.ac.mrt.cse.dbs.simpleexpensemanager.data.model.AccountTest" time="0.001"/>
  <system-out><![CDATA[]]></system-out>
  <system-err><![CDATA[]]></system-err>
</testsuite>
